# JRE version: Java(TM) SE Runtime Environment (17.0.13+10) (build 17.0.13+10-LTS-268)
# Java VM: Java HotSpot(TM) 64-Bit Server VM (17.0.13+10-LTS-268, mixed mode, sharing, tiered, compressed oops, compressed class ptrs, g1 gc, windows-amd64)
GC Precious Log:
 CPUs: 12 total, 12 available
 Memory: 15134M
 Large Page Support: Disabled
 NUMA Support: Disabled
 Compressed Oops: Enabled (Zero based)
 Heap Region Size: 2M
 Heap Min Capacity: 8M
 Heap Initial Capacity: 238M
 Heap Max Capacity: 3784M
 Pre-touch: Disabled
 Parallel Workers: 10
 Concurrent Workers: 3
 Concurrent Refinement Workers: 10
 Periodic GC: Disabled
Heap:
 garbage-first heap   total 75776K, used 22968K [0x0000000713800000, 0x0000000800000000)
  region size 2048K, 3 young (6144K), 1 survivors (2048K)
 Metaspace       used 45272K, committed 45632K, reserved 1114112K
  class space    used 5671K, committed 5824K, reserved 1048576K
GC Heap History (20 events):
Event: 9829.461 GC heap before
{Heap before GC invocations=23 (full 0):
 garbage-first heap   total 75776K, used 59923K [0x0000000713800000, 0x0000000800000000)
  region size 2048K, 21 young (43008K), 2 survivors (4096K)
 Metaspace       used 45175K, committed 45504K, reserved 1114112K
  class space    used 5669K, committed 5824K, reserved 1048576K
}
Event: 9829.472 GC heap after
{Heap after GC invocations=24 (full 0):
 garbage-first heap   total 75776K, used 21041K [0x0000000713800000, 0x0000000800000000)
  region size 2048K, 2 young (4096K), 2 survivors (4096K)
 Metaspace       used 45175K, committed 45504K, reserved 1114112K
  class space    used 5669K, committed 5824K, reserved 1048576K
}
Event: 10638.215 GC heap before
{Heap before GC invocations=24 (full 0):
 garbage-first heap   total 75776K, used 59953K [0x0000000713800000, 0x0000000800000000)
  region size 2048K, 21 young (43008K), 2 survivors (4096K)
 Metaspace       used 45175K, committed 45504K, reserved 1114112K
  class space    used 5669K, committed 5824K, reserved 1048576K
}
Event: 10638.232 GC heap after
{Heap after GC invocations=25 (full 0):
 garbage-first heap   total 75776K, used 21075K [0x0000000713800000, 0x0000000800000000)
  region size 2048K, 2 young (4096K), 2 survivors (4096K)
 Metaspace       used 45175K, committed 45504K, reserved 1114112K
  class space    used 5669K, committed 5824K, reserved 1048576K
}
Event: 11457.970 GC heap before
{Heap before GC invocations=25 (full 0):
 garbage-first heap   total 75776K, used 59987K [0x0000000713800000, 0x0000000800000000)
  region size 2048K, 21 young (43008K), 2 survivors (4096K)
 Metaspace       used 45175K, committed 45504K, reserved 1114112K
  class space    used 5669K, committed 5824K, reserved 1048576K
}
Event: 11457.974 GC heap after
{Heap after GC invocations=26 (full 0):
 garbage-first heap   total 75776K, used 21101K [0x0000000713800000, 0x0000000800000000)
  region size 2048K, 2 young (4096K), 2 survivors (4096K)
 Metaspace       used 45175K, committed 45504K, reserved 1114112K
  class space    used 5669K, committed 5824K, reserved 1048576K
}
Event: 12252.325 GC heap before
{Heap before GC invocations=26 (full 0):
 garbage-first heap   total 75776K, used 60013K [0x0000000713800000, 0x0000000800000000)
  region size 2048K, 21 young (43008K), 2 survivors (4096K)
 Metaspace       used 45260K, committed 45568K, reserved 1114112K
  class space    used 5671K, committed 5824K, reserved 1048576K
}
Event: 12252.350 GC heap after
{Heap after GC invocations=27 (full 0):
 garbage-first heap   total 75776K, used 21242K [0x0000000713800000, 0x0000000800000000)
  region size 2048K, 1 young (2048K), 1 survivors (2048K)
 Metaspace       used 45260K, committed 45568K, reserved 1114112K
  class space    used 5671K, committed 5824K, reserved 1048576K
}
Event: 13105.064 GC heap before
{Heap before GC invocations=27 (full 0):
 garbage-first heap   total 75776K, used 62202K [0x0000000713800000, 0x0000000800000000)
  region size 2048K, 21 young (43008K), 1 survivors (2048K)
 Metaspace       used 45260K, committed 45568K, reserved 1114112K
  class space    used 5671K, committed 5824K, reserved 1048576K
}
Event: 13105.068 GC heap after
{Heap after GC invocations=28 (full 0):
 garbage-first heap   total 75776K, used 21037K [0x0000000713800000, 0x0000000800000000)
  region size 2048K, 1 young (2048K), 1 survivors (2048K)
 Metaspace       used 45260K, committed 45568K, reserved 1114112K
  class space    used 5671K, committed 5824K, reserved 1048576K
}
Event: 13960.044 GC heap before
{Heap before GC invocations=28 (full 0):
 garbage-first heap   total 75776K, used 61997K [0x0000000713800000, 0x0000000800000000)
  region size 2048K, 21 young (43008K), 1 survivors (2048K)
 Metaspace       used 45262K, committed 45568K, reserved 1114112K
  class space    used 5671K, committed 5824K, reserved 1048576K
}
Event: 13960.061 GC heap after
{Heap after GC invocations=29 (full 0):
 garbage-first heap   total 75776K, used 20988K [0x0000000713800000, 0x0000000800000000)
  region size 2048K, 1 young (2048K), 1 survivors (2048K)
 Metaspace       used 45262K, committed 45568K, reserved 1114112K
  class space    used 5671K, committed 5824K, reserved 1048576K
}
Event: 14813.748 GC heap before
{Heap before GC invocations=29 (full 0):
 garbage-first heap   total 75776K, used 61948K [0x0000000713800000, 0x0000000800000000)
  region size 2048K, 21 young (43008K), 1 survivors (2048K)
 Metaspace       used 45262K, committed 45568K, reserved 1114112K
  class space    used 5671K, committed 5824K, reserved 1048576K
}
Event: 14813.749 GC heap after
{Heap after GC invocations=30 (full 0):
 garbage-first heap   total 75776K, used 20980K [0x0000000713800000, 0x0000000800000000)
  region size 2048K, 1 young (2048K), 1 survivors (2048K)
 Metaspace       used 45262K, committed 45568K, reserved 1114112K
  class space    used 5671K, committed 5824K, reserved 1048576K
}
Event: 18635.407 GC heap before
{Heap before GC invocations=30 (full 0):
 garbage-first heap   total 75776K, used 61940K [0x0000000713800000, 0x0000000800000000)
  region size 2048K, 21 young (43008K), 1 survivors (2048K)
 Metaspace       used 45270K, committed 45632K, reserved 1114112K
  class space    used 5671K, committed 5824K, reserved 1048576K
}
Event: 18635.409 GC heap after
{Heap after GC invocations=31 (full 0):
 garbage-first heap   total 75776K, used 20985K [0x0000000713800000, 0x0000000800000000)
  region size 2048K, 1 young (2048K), 1 survivors (2048K)
 Metaspace       used 45270K, committed 45632K, reserved 1114112K
  class space    used 5671K, committed 5824K, reserved 1048576K
}
Event: 51206.125 GC heap before
{Heap before GC invocations=31 (full 0):
 garbage-first heap   total 75776K, used 61945K [0x0000000713800000, 0x0000000800000000)
  region size 2048K, 21 young (43008K), 1 survivors (2048K)
 Metaspace       used 45270K, committed 45632K, reserved 1114112K
  class space    used 5671K, committed 5824K, reserved 1048576K
}
Event: 51206.208 GC heap after
{Heap after GC invocations=32 (full 0):
 garbage-first heap   total 75776K, used 20918K [0x0000000713800000, 0x0000000800000000)
  region size 2048K, 1 young (2048K), 1 survivors (2048K)
 Metaspace       used 45270K, committed 45632K, reserved 1114112K
  class space    used 5671K, committed 5824K, reserved 1048576K
}
Event: 64889.098 GC heap before
{Heap before GC invocations=32 (full 0):
 garbage-first heap   total 75776K, used 61878K [0x0000000713800000, 0x0000000800000000)
  region size 2048K, 21 young (43008K), 1 survivors (2048K)
 Metaspace       used 45272K, committed 45632K, reserved 1114112K
  class space    used 5671K, committed 5824K, reserved 1048576K
}
Event: 64889.117 GC heap after
{Heap after GC invocations=33 (full 0):
 garbage-first heap   total 75776K, used 20920K [0x0000000713800000, 0x0000000800000000)
  region size 2048K, 1 young (2048K), 1 survivors (2048K)
 Metaspace       used 45272K, committed 45632K, reserved 1114112K
  class space    used 5671K, committed 5824K, reserved 1048576K
}

